This file contains any messages produced by compilers while
running configure, to aid debugging if configure makes a mistake.

It was created by libedit configure 3.1, which was
generated by GNU Autoconf 2.69.  Invocation command line was

  $ ./configure 

## --------- ##
## Platform. ##
## --------- ##

hostname = P-111
uname -m = x86_64
uname -r = 5.10.16.3-microsoft-standard-WSL2
uname -s = Linux
uname -v = #1 SMP Fri Apr 2 22:23:49 UTC 2021

/usr/bin/uname -p = x86_64
/bin/uname -X     = unknown

/bin/arch              = x86_64
/usr/bin/arch -k       = unknown
/usr/convex/getsysinfo = unknown
/usr/bin/hostinfo      = unknown
/bin/machine           = unknown
/usr/bin/oslevel       = unknown
/bin/universe          = unknown

PATH: /usr/local/sbin
PATH: /usr/local/bin
PATH: /usr/sbin
PATH: /usr/bin
PATH: /sbin
PATH: /bin
PATH: /usr/games
PATH: /usr/local/games
PATH: /usr/lib/wsl/lib
PATH: /mnt/c/Windows/system32
PATH: /mnt/c/Windows
PATH: /mnt/c/Windows/System32/Wbem
PATH: /mnt/c/Windows/System32/WindowsPowerShell/v1.0/
PATH: /mnt/c/Windows/System32/OpenSSH/
PATH: /mnt/c/Program Files/dotnet/
PATH: /mnt/c/Program Files/Git/cmd
PATH: /mnt/c/Program Files/Docker/Docker/resources/bin
PATH: /mnt/c/HashiCorp/Vagrant/bin
PATH: /mnt/c/Users/kawamura/AppData/Local/Microsoft/WindowsApps
PATH: /mnt/c/Users/kawamura/AppData/Local/Programs/Microsoft VS Code/bin
PATH: /mnt/c/Users/kawamura/AppData/Local/Box/Box Edit/
PATH: /snap/bin


## ----------- ##
## Core tests. ##
## ----------- ##

configure:2421: checking for gcc
configure:2451: result: no
configure:2514: checking for cc
configure:2561: result: no
configure:2617: checking for cl.exe
configure:2647: result: no
configure:2671: error: in `/home/kawamura/example/libedit-20190324-3.1':
configure:2673: error: no acceptable C compiler found in $PATH
See `config.log' for more details

## ---------------- ##
## Cache variables. ##
## ---------------- ##

ac_cv_env_CC_set=
ac_cv_env_CC_value=
ac_cv_env_CFLAGS_set=
ac_cv_env_CFLAGS_value=
ac_cv_env_CPPFLAGS_set=
ac_cv_env_CPPFLAGS_value=
ac_cv_env_CPP_set=
ac_cv_env_CPP_value=
ac_cv_env_LDFLAGS_set=
ac_cv_env_LDFLAGS_value=
ac_cv_env_LIBS_set=
ac_cv_env_LIBS_value=
ac_cv_env_LT_SYS_LIBRARY_PATH_set=
ac_cv_env_LT_SYS_LIBRARY_PATH_value=
ac_cv_env_build_alias_set=
ac_cv_env_build_alias_value=
ac_cv_env_host_alias_set=
ac_cv_env_host_alias_value=
ac_cv_env_target_alias_set=
ac_cv_env_target_alias_value=

## ----------------- ##
## Output variables. ##
## ----------------- ##

ACLOCAL=''
AMDEPBACKSLASH=''
AMDEP_FALSE=''
AMDEP_TRUE=''
AMTAR=''
AM_BACKSLASH=''
AM_DEFAULT_V=''
AM_DEFAULT_VERBOSITY=''
AM_V=''
AR=''
AUTOCONF=''
AUTOHEADER=''
AUTOMAKE=''
AWK=''
CC=''
CCDEPMODE=''
CFLAGS=''
CPP=''
CPPFLAGS=''
CYGPATH_W=''
DEFS=''
DEPDIR=''
DLLTOOL=''
DSYMUTIL=''
DUMPBIN=''
ECHO_C=''
ECHO_N='-n'
ECHO_T=''
EGREP=''
ENABLE_EXAMPLES_FALSE=''
ENABLE_EXAMPLES_TRUE=''
EXEEXT=''
FGREP=''
GREP=''
HAVE_STRLCAT_FALSE=''
HAVE_STRLCAT_TRUE=''
HAVE_STRLCPY_FALSE=''
HAVE_STRLCPY_TRUE=''
HAVE_UNVIS_FALSE=''
HAVE_UNVIS_TRUE=''
HAVE_VIS_FALSE=''
HAVE_VIS_TRUE=''
INSTALL_DATA=''
INSTALL_PROGRAM=''
INSTALL_SCRIPT=''
INSTALL_STRIP_PROGRAM=''
LD=''
LDFLAGS=''
LIBOBJS=''
LIBS=''
LIBTOOL=''
LIPO=''
LN_S=''
LTLIBOBJS=''
LT_SYS_LIBRARY_PATH=''
LT_VERSION=''
MAKEINFO=''
MANIFEST_TOOL=''
MANTYPE=''
MKDIR_P=''
NM=''
NMEDIT=''
NROFF=''
OBJDUMP=''
OBJEXT=''
OTOOL64=''
OTOOL=''
PACKAGE=''
PACKAGE_BUGREPORT=''
PACKAGE_NAME='libedit'
PACKAGE_STRING='libedit 3.1'
PACKAGE_TARNAME='libedit-20190324'
PACKAGE_URL=''
PACKAGE_VERSION='3.1'
PATH_SEPARATOR=':'
RANLIB=''
SED=''
SET_MAKE=''
SHELL='/bin/bash'
STRIP=''
VERSION=''
ac_ct_AR=''
ac_ct_CC=''
ac_ct_DUMPBIN=''
am__EXEEXT_FALSE=''
am__EXEEXT_TRUE=''
am__fastdepCC_FALSE=''
am__fastdepCC_TRUE=''
am__include=''
am__isrc=''
am__leading_dot=''
am__nodep=''
am__quote=''
am__tar=''
am__untar=''
bindir='${exec_prefix}/bin'
build=''
build_alias=''
build_cpu=''
build_os=''
build_vendor=''
datadir='${datarootdir}'
datarootdir='${prefix}/share'
docdir='${datarootdir}/doc/${PACKAGE_TARNAME}'
dvidir='${docdir}'
exec_prefix='NONE'
host=''
host_alias=''
host_cpu=''
host_os=''
host_vendor=''
htmldir='${docdir}'
includedir='${prefix}/include'
infodir='${datarootdir}/info'
install_sh=''
libdir='${exec_prefix}/lib'
libexecdir='${exec_prefix}/libexec'
localedir='${datarootdir}/locale'
localstatedir='${prefix}/var'
mandir='${datarootdir}/man'
mkdir_p=''
oldincludedir='/usr/include'
pdfdir='${docdir}'
prefix='NONE'
program_transform_name='s,x,x,'
psdir='${docdir}'
sbindir='${exec_prefix}/sbin'
sharedstatedir='${prefix}/com'
sysconfdir='${prefix}/etc'
target_alias=''

## ----------- ##
## confdefs.h. ##
## ----------- ##

/* confdefs.h */
#define PACKAGE_NAME "libedit"
#define PACKAGE_TARNAME "libedit-20190324"
#define PACKAGE_VERSION "3.1"
#define PACKAGE_STRING "libedit 3.1"
#define PACKAGE_BUGREPORT ""
#define PACKAGE_URL ""

configure: exit 1
